<?xml version="1.0" encoding="UTF-8"?>
<!-- Generated by org.testng.reporters.JUnitXMLReporter -->
<testsuite hostname="DESKTOP-DV9KSPC" ignored="0" name="Test" tests="9" failures="0" timestamp="23 Apr 2021 04:34:27 GMT" time="50.356" errors="0">
  <testcase name="demo" time="6.761" classname="org.sample.Demo"/>
  <testcase name="login" time="1.636" classname="org.sample.Adatin"/>
  <testcase name="adatin" time="0.62" classname="org.sample.Datapro"/>
  <testcase name="adatin" time="0.712" classname="org.sample.Datapro"/>
  <testcase name="adatin" time="0.833" classname="org.sample.Datapro"/>
  <testcase name="adatin" time="0.808" classname="org.sample.Datapro"/>
  <testcase name="adatin" time="1.33" classname="org.sample.Datapro"/>
  <testcase name="adatin" time="0.817" classname="org.sample.Datapro"/>
  <testcase name="adatin" time="0.856" classname="org.sample.Datapro"/>
</testsuite> <!-- Test -->
